<?xml version="1.0" encoding="UTF-8"?>
<!-- Generated by org.testng.reporters.JUnitXMLReporter -->
<testsuite ignored="1" hostname="SURENDRA" failures="2" tests="2" name="Test" time="12.71" errors="0" timestamp="2026-02-03T16:24:10 IST">
  <testcase classname="testCases.TC001_AccountRegistrationTest" name="Verify_Account_Registration" time="1.78">
    <failure type="java.lang.AssertionError" message="expected [true] but found [false]">
      <![CDATA[java.lang.AssertionError: expected [true] but found [false]
at testCases.TC001_AccountRegistrationTest.Verify_Account_Registration(TC001_AccountRegistrationTest.java:52)
at java.base/java.util.ArrayList.forEach(ArrayList.java:1604)
... Removed 29 stack frames]]>
    </failure>
  </testcase> <!-- Verify_Account_Registration -->
  <testcase classname="testCases.TC002_LoginTest" name="verify_login" time="6.589">
    <failure type="java.lang.AssertionError" message="expected [true] but found [false]">
      <![CDATA[java.lang.AssertionError: expected [true] but found [false]
at testCases.TC002_LoginTest.verify_login(TC002_LoginTest.java:34)
at java.base/java.util.ArrayList.forEach(ArrayList.java:1604)
... Removed 29 stack frames]]>
    </failure>
  </testcase> <!-- verify_login -->
  <testcase classname="testCases.TC003_LoginDDt" name="veryfy_loginDDT" time="0.0">
    <ignored/>
  </testcase> <!-- veryfy_loginDDT -->
</testsuite> <!-- Test -->
