<?xml version="1.0" encoding="UTF-8"?>
<!-- Generated by org.testng.reporters.JUnitXMLReporter -->
<testsuite ignored="0" hostname="SURENDRA" failures="1" tests="5" name="Test-Linux-firefox" time="46.096" errors="0" timestamp="2026-02-11T17:23:05 IST">
  <testcase classname="testCases.TC003_LoginDDt" name="veryfy_loginDDT" time="5.919"/>
  <testcase classname="testCases.TC003_LoginDDt" name="veryfy_loginDDT" time="5.752"/>
  <testcase classname="testCases.TC003_LoginDDt" name="veryfy_loginDDT" time="11.221"/>
  <testcase classname="testCases.TC003_LoginDDt" name="veryfy_loginDDT" time="5.891"/>
  <testcase classname="testCases.TC003_LoginDDt" name="veryfy_loginDDT" time="11.307">
    <failure type="java.lang.AssertionError" message="expected [true] but found [false]">
      <![CDATA[java.lang.AssertionError: expected [true] but found [false]
at testCases.TC003_LoginDDt.veryfy_loginDDT(TC003_LoginDDt.java:50)
at java.base/java.util.ArrayList.forEach(ArrayList.java:1604)
... Removed 29 stack frames]]>
    </failure>
  </testcase> <!-- veryfy_loginDDT -->
</testsuite> <!-- Test-Linux-firefox -->
