<?xml version="1.0" encoding="UTF-8"?>
<!-- Generated by org.testng.reporters.JUnitXMLReporter -->
<testsuite ignored="0" hostname="SURENDRA" failures="1" tests="5" name="Test-Linux" time="49.442" errors="0" timestamp="2026-02-11T16:49:52 IST">
  <testcase classname="testCases.TC003_LoginDDt" name="veryfy_loginDDT" time="6.902"/>
  <testcase classname="testCases.TC003_LoginDDt" name="veryfy_loginDDT" time="6.253"/>
  <testcase classname="testCases.TC003_LoginDDt" name="veryfy_loginDDT" time="11.687"/>
  <testcase classname="testCases.TC003_LoginDDt" name="veryfy_loginDDT" time="6.106"/>
  <testcase classname="testCases.TC003_LoginDDt" name="veryfy_loginDDT" time="11.311">
    <failure type="java.lang.AssertionError" message="expected [true] but found [false]">
      <![CDATA[java.lang.AssertionError: expected [true] but found [false]
at testCases.TC003_LoginDDt.veryfy_loginDDT(TC003_LoginDDt.java:50)
at java.base/java.util.ArrayList.forEach(ArrayList.java:1604)
at java.base/java.util.concurrent.FutureTask.run(FutureTask.java:328)
at java.base/java.util.concurrent.ThreadPoolExecutor.runWorker(ThreadPoolExecutor.java:1090)
at java.base/java.util.concurrent.ThreadPoolExecutor$Worker.run(ThreadPoolExecutor.java:614)
at java.base/java.lang.Thread.run(Thread.java:1474)
... Removed 19 stack frames]]>
    </failure>
  </testcase> <!-- veryfy_loginDDT -->
</testsuite> <!-- Test-Linux -->
