<?xml version="1.0" encoding="UTF-8"?>
<!-- Generated by org.testng.reporters.JUnitXMLReporter -->
<testsuite ignored="0" hostname="SURENDRA" failures="1" tests="5" name="Test-Linux-chrome" time="45.141" errors="0" timestamp="2026-02-11T17:22:19 IST">
  <testcase classname="testCases.TC003_LoginDDt" name="veryfy_loginDDT" time="5.974"/>
  <testcase classname="testCases.TC003_LoginDDt" name="veryfy_loginDDT" time="5.942"/>
  <testcase classname="testCases.TC003_LoginDDt" name="veryfy_loginDDT" time="11.396"/>
  <testcase classname="testCases.TC003_LoginDDt" name="veryfy_loginDDT" time="6.298"/>
  <testcase classname="testCases.TC003_LoginDDt" name="veryfy_loginDDT" time="11.439">
    <failure type="java.lang.AssertionError" message="expected [true] but found [false]">
      <![CDATA[java.lang.AssertionError: expected [true] but found [false]
at testCases.TC003_LoginDDt.veryfy_loginDDT(TC003_LoginDDt.java:50)
at java.base/java.util.ArrayList.forEach(ArrayList.java:1604)
... Removed 29 stack frames]]>
    </failure>
  </testcase> <!-- veryfy_loginDDT -->
</testsuite> <!-- Test-Linux-chrome -->
